To honour the JVM settings for this build a single-use Daemon process will be forked. For more on this, please refer to https://docs.gradle.org/8.11.1/userguide/gradle_daemon.html#sec:disabling_the_daemon in the Gradle documentation.
Daemon will be stopped at the end of the build 

> Configure project :app
WARNING: Using flatDir should be avoided because it doesn't support any meta-data formats.

> Configure project :capacitor-cordova-android-plugins
WARNING: Using flatDir should be avoided because it doesn't support any meta-data formats.

> Task :app:preBuild UP-TO-DATE
> Task :app:preDebugBuild UP-TO-DATE
> Task :app:mergeDebugNativeDebugMetadata NO-SOURCE
> Task :app:javaPreCompileDebug UP-TO-DATE
> Task :capacitor-android:preBuild UP-TO-DATE
> Task :capacitor-android:preDebugBuild UP-TO-DATE
> Task :capacitor-android:writeDebugAarMetadata UP-TO-DATE
> Task :capacitor-app:preBuild UP-TO-DATE
> Task :capacitor-app:preDebugBuild UP-TO-DATE
> Task :capacitor-app:writeDebugAarMetadata UP-TO-DATE
> Task :capacitor-cordova-android-plugins:preBuild UP-TO-DATE
> Task :capacitor-cordova-android-plugins:preDebugBuild UP-TO-DATE
> Task :capacitor-cordova-android-plugins:writeDebugAarMetadata UP-TO-DATE
> Task :capacitor-splash-screen:preBuild UP-TO-DATE
> Task :capacitor-splash-screen:preDebugBuild UP-TO-DATE
> Task :capacitor-splash-screen:writeDebugAarMetadata UP-TO-DATE
> Task :capacitor-status-bar:preBuild UP-TO-DATE
> Task :capacitor-status-bar:preDebugBuild UP-TO-DATE
> Task :capacitor-status-bar:writeDebugAarMetadata UP-TO-DATE
> Task :app:checkDebugAarMetadata UP-TO-DATE
> Task :app:generateDebugResValues UP-TO-DATE
> Task :capacitor-android:generateDebugResValues UP-TO-DATE
> Task :capacitor-android:generateDebugResources UP-TO-DATE
> Task :capacitor-android:packageDebugResources UP-TO-DATE
> Task :capacitor-app:generateDebugResValues UP-TO-DATE
> Task :capacitor-app:generateDebugResources UP-TO-DATE
> Task :capacitor-app:packageDebugResources UP-TO-DATE
> Task :capacitor-cordova-android-plugins:generateDebugResValues UP-TO-DATE
> Task :capacitor-cordova-android-plugins:generateDebugResources UP-TO-DATE
> Task :capacitor-cordova-android-plugins:packageDebugResources UP-TO-DATE
> Task :capacitor-splash-screen:generateDebugResValues UP-TO-DATE
> Task :capacitor-splash-screen:generateDebugResources UP-TO-DATE
> Task :capacitor-splash-screen:packageDebugResources UP-TO-DATE
> Task :capacitor-status-bar:generateDebugResValues UP-TO-DATE
> Task :capacitor-status-bar:generateDebugResources UP-TO-DATE
> Task :capacitor-status-bar:packageDebugResources UP-TO-DATE
> Task :app:mapDebugSourceSetPaths UP-TO-DATE
> Task :app:generateDebugResources UP-TO-DATE
> Task :app:mergeDebugResources UP-TO-DATE
> Task :app:packageDebugResources UP-TO-DATE
> Task :app:parseDebugLocalResources UP-TO-DATE
> Task :app:createDebugCompatibleScreenManifests UP-TO-DATE
> Task :app:extractDeepLinksDebug UP-TO-DATE
> Task :capacitor-android:extractDeepLinksDebug UP-TO-DATE
> Task :capacitor-android:processDebugManifest UP-TO-DATE
> Task :capacitor-app:extractDeepLinksDebug UP-TO-DATE
> Task :capacitor-app:processDebugManifest UP-TO-DATE
> Task :capacitor-cordova-android-plugins:extractDeepLinksDebug UP-TO-DATE
> Task :capacitor-cordova-android-plugins:processDebugManifest UP-TO-DATE
> Task :capacitor-splash-screen:extractDeepLinksDebug UP-TO-DATE
> Task :capacitor-splash-screen:processDebugManifest UP-TO-DATE
> Task :capacitor-status-bar:extractDeepLinksDebug UP-TO-DATE
> Task :capacitor-status-bar:processDebugManifest UP-TO-DATE
> Task :app:processDebugMainManifest UP-TO-DATE
> Task :app:processDebugManifest UP-TO-DATE
> Task :app:processDebugManifestForPackage UP-TO-DATE
> Task :capacitor-android:compileDebugLibraryResources UP-TO-DATE
> Task :capacitor-android:parseDebugLocalResources UP-TO-DATE
> Task :capacitor-android:generateDebugRFile UP-TO-DATE
> Task :capacitor-app:compileDebugLibraryResources UP-TO-DATE
> Task :capacitor-app:parseDebugLocalResources UP-TO-DATE
> Task :capacitor-app:generateDebugRFile UP-TO-DATE
> Task :capacitor-cordova-android-plugins:compileDebugLibraryResources UP-TO-DATE
> Task :capacitor-cordova-android-plugins:parseDebugLocalResources UP-TO-DATE
> Task :capacitor-cordova-android-plugins:generateDebugRFile UP-TO-DATE
> Task :capacitor-splash-screen:compileDebugLibraryResources UP-TO-DATE
> Task :capacitor-splash-screen:parseDebugLocalResources UP-TO-DATE
> Task :capacitor-splash-screen:generateDebugRFile UP-TO-DATE
> Task :capacitor-status-bar:compileDebugLibraryResources UP-TO-DATE
> Task :capacitor-status-bar:parseDebugLocalResources UP-TO-DATE
> Task :capacitor-status-bar:generateDebugRFile UP-TO-DATE
> Task :app:processDebugResources UP-TO-DATE
> Task :capacitor-android:javaPreCompileDebug UP-TO-DATE
> Task :capacitor-android:compileDebugJavaWithJavac UP-TO-DATE
> Task :capacitor-android:bundleLibCompileToJarDebug UP-TO-DATE
> Task :capacitor-app:javaPreCompileDebug UP-TO-DATE
> Task :capacitor-app:compileDebugJavaWithJavac UP-TO-DATE
> Task :capacitor-app:bundleLibCompileToJarDebug UP-TO-DATE
> Task :capacitor-cordova-android-plugins:javaPreCompileDebug UP-TO-DATE
> Task :capacitor-cordova-android-plugins:compileDebugJavaWithJavac NO-SOURCE
> Task :capacitor-cordova-android-plugins:bundleLibCompileToJarDebug UP-TO-DATE
> Task :capacitor-splash-screen:javaPreCompileDebug UP-TO-DATE
> Task :capacitor-splash-screen:compileDebugJavaWithJavac UP-TO-DATE
> Task :capacitor-splash-screen:bundleLibCompileToJarDebug UP-TO-DATE
> Task :capacitor-status-bar:javaPreCompileDebug UP-TO-DATE
> Task :capacitor-status-bar:compileDebugJavaWithJavac UP-TO-DATE
> Task :capacitor-status-bar:bundleLibCompileToJarDebug UP-TO-DATE
> Task :app:compileDebugJavaWithJavac UP-TO-DATE
> Task :app:mergeDebugShaders UP-TO-DATE
> Task :app:compileDebugShaders NO-SOURCE
> Task :app:generateDebugAssets UP-TO-DATE
> Task :capacitor-android:mergeDebugShaders UP-TO-DATE
> Task :capacitor-android:compileDebugShaders NO-SOURCE
> Task :capacitor-android:generateDebugAssets UP-TO-DATE
> Task :capacitor-android:packageDebugAssets UP-TO-DATE
> Task :capacitor-app:mergeDebugShaders UP-TO-DATE
> Task :capacitor-app:compileDebugShaders NO-SOURCE
> Task :capacitor-app:generateDebugAssets UP-TO-DATE
> Task :capacitor-app:packageDebugAssets UP-TO-DATE
> Task :capacitor-cordova-android-plugins:mergeDebugShaders UP-TO-DATE
> Task :capacitor-cordova-android-plugins:compileDebugShaders NO-SOURCE
> Task :capacitor-cordova-android-plugins:generateDebugAssets UP-TO-DATE
> Task :capacitor-cordova-android-plugins:packageDebugAssets UP-TO-DATE
> Task :capacitor-splash-screen:mergeDebugShaders UP-TO-DATE
> Task :capacitor-splash-screen:compileDebugShaders NO-SOURCE
> Task :capacitor-splash-screen:generateDebugAssets UP-TO-DATE
> Task :capacitor-splash-screen:packageDebugAssets UP-TO-DATE
> Task :capacitor-status-bar:mergeDebugShaders UP-TO-DATE
> Task :capacitor-status-bar:compileDebugShaders NO-SOURCE
> Task :capacitor-status-bar:generateDebugAssets UP-TO-DATE
> Task :capacitor-status-bar:packageDebugAssets UP-TO-DATE
> Task :app:mergeDebugAssets UP-TO-DATE
> Task :app:compressDebugAssets UP-TO-DATE
> Task :capacitor-app:bundleLibRuntimeToJarDebug UP-TO-DATE
> Task :capacitor-android:bundleLibRuntimeToJarDebug UP-TO-DATE
> Task :capacitor-splash-screen:bundleLibRuntimeToJarDebug UP-TO-DATE
> Task :capacitor-status-bar:bundleLibRuntimeToJarDebug UP-TO-DATE
> Task :capacitor-cordova-android-plugins:bundleLibRuntimeToJarDebug UP-TO-DATE
> Task :app:desugarDebugFileDependencies UP-TO-DATE
> Task :app:dexBuilderDebug UP-TO-DATE
> Task :app:mergeDebugGlobalSynthetics
> Task :app:processDebugJavaRes NO-SOURCE
> Task :capacitor-android:processDebugJavaRes NO-SOURCE
> Task :capacitor-app:processDebugJavaRes NO-SOURCE
> Task :capacitor-cordova-android-plugins:processDebugJavaRes NO-SOURCE
> Task :capacitor-splash-screen:processDebugJavaRes NO-SOURCE
> Task :capacitor-status-bar:processDebugJavaRes NO-SOURCE
> Task :app:mergeDebugJavaResource UP-TO-DATE
> Task :app:checkDebugDuplicateClasses UP-TO-DATE
> Task :app:mergeLibDexDebug
> Task :app:mergeExtDexDebug
> Task :app:mergeDebugJniLibFolders UP-TO-DATE
> Task :capacitor-android:mergeDebugJniLibFolders UP-TO-DATE
> Task :capacitor-android:mergeDebugNativeLibs NO-SOURCE
> Task :app:mergeProjectDexDebug
> Task :capacitor-android:copyDebugJniLibsProjectOnly
> Task :capacitor-app:mergeDebugJniLibFolders
> Task :capacitor-app:mergeDebugNativeLibs NO-SOURCE
> Task :capacitor-app:copyDebugJniLibsProjectOnly
> Task :capacitor-cordova-android-plugins:mergeDebugJniLibFolders
> Task :capacitor-cordova-android-plugins:mergeDebugNativeLibs NO-SOURCE
> Task :capacitor-cordova-android-plugins:copyDebugJniLibsProjectOnly
> Task :capacitor-splash-screen:mergeDebugJniLibFolders
> Task :capacitor-splash-screen:mergeDebugNativeLibs NO-SOURCE
> Task :capacitor-splash-screen:copyDebugJniLibsProjectOnly
> Task :capacitor-status-bar:mergeDebugJniLibFolders
> Task :capacitor-status-bar:mergeDebugNativeLibs NO-SOURCE
> Task :capacitor-status-bar:copyDebugJniLibsProjectOnly
> Task :app:validateSigningDebug
> Task :app:mergeDebugNativeLibs NO-SOURCE
> Task :app:stripDebugDebugSymbols NO-SOURCE
> Task :app:writeDebugAppMetadata
> Task :app:writeDebugSigningConfigVersions
> Task :capacitor-android:stripDebugDebugSymbols NO-SOURCE
> Task :capacitor-android:copyDebugJniLibsProjectAndLocalJars
> Task :app:packageDebug
> Task :capacitor-android:extractDebugAnnotations
> Task :capacitor-android:extractDeepLinksForAarDebug
> Task :capacitor-android:mergeDebugGeneratedProguardFiles
> Task :capacitor-android:mergeDebugConsumerProguardFiles
> Task :capacitor-android:prepareDebugArtProfile
> Task :capacitor-android:prepareLintJarForPublish
> Task :app:createDebugApkListingFileRedirect
> Task :app:assembleDebug
> Task :capacitor-app:stripDebugDebugSymbols NO-SOURCE
> Task :capacitor-app:copyDebugJniLibsProjectAndLocalJars
> Task :capacitor-app:extractDebugAnnotations
> Task :capacitor-app:extractDeepLinksForAarDebug
> Task :capacitor-app:mergeDebugGeneratedProguardFiles
> Task :capacitor-app:mergeDebugConsumerProguardFiles
> Task :capacitor-app:prepareDebugArtProfile
> Task :capacitor-app:prepareLintJarForPublish
> Task :capacitor-android:mergeDebugJavaResource
> Task :capacitor-app:mergeDebugJavaResource
> Task :capacitor-android:syncDebugLibJars
> Task :capacitor-android:bundleDebugAar
> Task :capacitor-android:assembleDebug
> Task :capacitor-app:syncDebugLibJars
> Task :capacitor-app:bundleDebugAar
> Task :capacitor-app:assembleDebug
> Task :capacitor-cordova-android-plugins:stripDebugDebugSymbols NO-SOURCE
> Task :capacitor-cordova-android-plugins:copyDebugJniLibsProjectAndLocalJars
> Task :capacitor-cordova-android-plugins:extractDebugAnnotations
> Task :capacitor-cordova-android-plugins:extractDeepLinksForAarDebug
> Task :capacitor-cordova-android-plugins:mergeDebugGeneratedProguardFiles
> Task :capacitor-cordova-android-plugins:mergeDebugConsumerProguardFiles
> Task :capacitor-cordova-android-plugins:prepareDebugArtProfile
> Task :capacitor-cordova-android-plugins:prepareLintJarForPublish
> Task :capacitor-splash-screen:stripDebugDebugSymbols NO-SOURCE
> Task :capacitor-cordova-android-plugins:mergeDebugJavaResource
> Task :capacitor-splash-screen:copyDebugJniLibsProjectAndLocalJars
> Task :capacitor-cordova-android-plugins:syncDebugLibJars
> Task :capacitor-cordova-android-plugins:bundleDebugAar
> Task :capacitor-cordova-android-plugins:assembleDebug
> Task :capacitor-splash-screen:extractDebugAnnotations
> Task :capacitor-splash-screen:extractDeepLinksForAarDebug
> Task :capacitor-splash-screen:mergeDebugGeneratedProguardFiles
> Task :capacitor-splash-screen:mergeDebugConsumerProguardFiles
> Task :capacitor-splash-screen:prepareDebugArtProfile
> Task :capacitor-splash-screen:prepareLintJarForPublish
> Task :capacitor-status-bar:stripDebugDebugSymbols NO-SOURCE
> Task :capacitor-splash-screen:mergeDebugJavaResource
> Task :capacitor-splash-screen:syncDebugLibJars
> Task :capacitor-splash-screen:bundleDebugAar
> Task :capacitor-splash-screen:assembleDebug
> Task :capacitor-status-bar:copyDebugJniLibsProjectAndLocalJars
> Task :capacitor-status-bar:extractDebugAnnotations
> Task :capacitor-status-bar:extractDeepLinksForAarDebug
> Task :capacitor-status-bar:mergeDebugGeneratedProguardFiles
> Task :capacitor-status-bar:mergeDebugConsumerProguardFiles
> Task :capacitor-status-bar:prepareDebugArtProfile
> Task :capacitor-status-bar:prepareLintJarForPublish
> Task :capacitor-status-bar:mergeDebugJavaResource
> Task :capacitor-status-bar:syncDebugLibJars
> Task :capacitor-status-bar:bundleDebugAar
> Task :capacitor-status-bar:assembleDebug

BUILD SUCCESSFUL in 13m 37s
166 actionable tasks: 68 executed, 98 up-to-date
