Downloading https://services.gradle.org/distributions/gradle-8.11.1-all.zip
.....................10%......................20%......................30%......................40%......................50%......................60%......................70%......................80%......................90%......................100%

Welcome to Gradle 8.11.1!

Here are the highlights of this release:
 - Parallel load and store for Configuration Cache
 - Java compilation errors at the end of the build output
 - Consolidated report for warnings and deprecations

For more details see https://docs.gradle.org/8.11.1/release-notes.html

To honour the JVM settings for this build a single-use Daemon process will be forked. For more on this, please refer to https://docs.gradle.org/8.11.1/userguide/gradle_daemon.html#sec:disabling_the_daemon in the Gradle documentation.
Daemon will be stopped at the end of the build 

> Configure project :app
WARNING: Using flatDir should be avoided because it doesn't support any meta-data formats.

> Configure project :capacitor-cordova-android-plugins
WARNING: Using flatDir should be avoided because it doesn't support any meta-data formats.
Observed package id 'cmdline-tools;latest' in inconsistent location '/home/admin/Android/Sdk/cmdline-tools/latest-2' (Expected '/home/admin/Android/Sdk/cmdline-tools/latest')
Observed package id 'cmdline-tools;latest' in inconsistent location '/home/admin/Android/Sdk/cmdline-tools/latest-2' (Expected '/home/admin/Android/Sdk/cmdline-tools/latest')
Checking the license for package Android SDK Build-Tools 34 in /home/admin/Android/Sdk/licenses
License for package Android SDK Build-Tools 34 accepted.
Preparing "Install Android SDK Build-Tools 34 v.34.0.0".
"Install Android SDK Build-Tools 34 v.34.0.0" ready.
Installing Android SDK Build-Tools 34 in /home/admin/Android/Sdk/build-tools/34.0.0
"Install Android SDK Build-Tools 34 v.34.0.0" complete.
"Install Android SDK Build-Tools 34 v.34.0.0" finished.
Observed package id 'cmdline-tools;latest' in inconsistent location '/home/admin/Android/Sdk/cmdline-tools/latest-2' (Expected '/home/admin/Android/Sdk/cmdline-tools/latest')

> Task :app:preBuild UP-TO-DATE
> Task :app:preDebugBuild UP-TO-DATE
> Task :app:mergeDebugNativeDebugMetadata NO-SOURCE
> Task :capacitor-android:preBuild UP-TO-DATE
> Task :capacitor-android:preDebugBuild UP-TO-DATE
> Task :app:javaPreCompileDebug
> Task :capacitor-app:preBuild UP-TO-DATE
> Task :capacitor-app:preDebugBuild UP-TO-DATE
> Task :capacitor-android:writeDebugAarMetadata
> Task :capacitor-app:writeDebugAarMetadata
> Task :capacitor-cordova-android-plugins:preBuild UP-TO-DATE
> Task :capacitor-cordova-android-plugins:preDebugBuild UP-TO-DATE
> Task :capacitor-cordova-android-plugins:writeDebugAarMetadata
> Task :capacitor-splash-screen:preBuild UP-TO-DATE
> Task :capacitor-splash-screen:preDebugBuild UP-TO-DATE
> Task :capacitor-splash-screen:writeDebugAarMetadata
> Task :capacitor-status-bar:preBuild UP-TO-DATE
> Task :capacitor-status-bar:preDebugBuild UP-TO-DATE
> Task :capacitor-status-bar:writeDebugAarMetadata
> Task :app:generateDebugResValues
> Task :capacitor-android:generateDebugResValues
> Task :app:checkDebugAarMetadata
> Task :capacitor-android:generateDebugResources
> Task :capacitor-android:packageDebugResources
> Task :capacitor-app:generateDebugResValues
> Task :capacitor-app:generateDebugResources
> Task :capacitor-app:packageDebugResources
> Task :capacitor-cordova-android-plugins:generateDebugResValues
> Task :capacitor-cordova-android-plugins:generateDebugResources
> Task :capacitor-cordova-android-plugins:packageDebugResources
> Task :capacitor-splash-screen:generateDebugResValues
> Task :capacitor-splash-screen:generateDebugResources
> Task :capacitor-splash-screen:packageDebugResources
> Task :capacitor-status-bar:generateDebugResValues
> Task :capacitor-status-bar:generateDebugResources
> Task :capacitor-status-bar:packageDebugResources
> Task :app:mapDebugSourceSetPaths
> Task :app:generateDebugResources
> Task :app:packageDebugResources
> Task :app:createDebugCompatibleScreenManifests
> Task :app:extractDeepLinksDebug
> Task :capacitor-android:extractDeepLinksDebug
> Task :capacitor-app:extractDeepLinksDebug
> Task :capacitor-cordova-android-plugins:extractDeepLinksDebug
> Task :capacitor-splash-screen:extractDeepLinksDebug
> Task :capacitor-cordova-android-plugins:processDebugManifest
> Task :capacitor-splash-screen:processDebugManifest
> Task :capacitor-android:processDebugManifest
> Task :capacitor-app:processDebugManifest
> Task :capacitor-status-bar:extractDeepLinksDebug
> Task :app:parseDebugLocalResources
> Task :capacitor-status-bar:processDebugManifest
> Task :app:mergeDebugResources
> Task :capacitor-android:compileDebugLibraryResources
> Task :app:processDebugMainManifest
> Task :app:processDebugManifest
> Task :capacitor-android:parseDebugLocalResources
> Task :capacitor-app:compileDebugLibraryResources
> Task :app:processDebugManifestForPackage
> Task :capacitor-cordova-android-plugins:compileDebugLibraryResources
> Task :capacitor-app:parseDebugLocalResources
> Task :capacitor-android:generateDebugRFile
> Task :capacitor-cordova-android-plugins:parseDebugLocalResources
> Task :capacitor-app:generateDebugRFile
> Task :capacitor-splash-screen:compileDebugLibraryResources
> Task :capacitor-cordova-android-plugins:generateDebugRFile
> Task :capacitor-splash-screen:parseDebugLocalResources
> Task :capacitor-status-bar:compileDebugLibraryResources
> Task :capacitor-status-bar:parseDebugLocalResources
> Task :capacitor-android:javaPreCompileDebug
> Task :capacitor-app:javaPreCompileDebug
> Task :capacitor-status-bar:generateDebugRFile
> Task :capacitor-splash-screen:generateDebugRFile
> Task :capacitor-android:compileDebugJavaWithJavac
> Task :capacitor-android:compileDebugJavaWithJavac FAILED
[Incubating] Problems report is available at: file:///home/admin/.openclaw/workspace/bvsradio/android/build/reports/problems/problems-report.html

FAILURE: Build failed with an exception.

* What went wrong:
Execution failed for task ':capacitor-android:compileDebugJavaWithJavac'.
> error: invalid source release: 21

* Try:
> Run with --stacktrace option to get the stack trace.
> Run with --info or --debug option to get more log output.
> Run with --scan to get full insights.
> Get more help at https://help.gradle.org.

BUILD FAILED in 8m 53s
61 actionable tasks: 61 executed
