To honour the JVM settings for this build a single-use Daemon process will be forked. For more on this, please refer to https://docs.gradle.org/8.11.1/userguide/gradle_daemon.html#sec:disabling_the_daemon in the Gradle documentation.
Daemon will be stopped at the end of the build 

> Configure project :app
WARNING: Using flatDir should be avoided because it doesn't support any meta-data formats.

> Configure project :capacitor-cordova-android-plugins
WARNING: Using flatDir should be avoided because it doesn't support any meta-data formats.

> Task :app:preBuild UP-TO-DATE
> Task :app:preReleaseBuild UP-TO-DATE
> Task :app:generateReleaseResValues
> Task :capacitor-android:preBuild UP-TO-DATE
> Task :capacitor-android:preReleaseBuild UP-TO-DATE
> Task :capacitor-android:generateReleaseResValues
> Task :capacitor-android:generateReleaseResources
> Task :capacitor-android:packageReleaseResources
> Task :capacitor-app:preBuild UP-TO-DATE
> Task :capacitor-app:preReleaseBuild UP-TO-DATE
> Task :capacitor-app:generateReleaseResValues
> Task :capacitor-app:generateReleaseResources
> Task :capacitor-app:packageReleaseResources
> Task :capacitor-cordova-android-plugins:preBuild UP-TO-DATE
> Task :capacitor-cordova-android-plugins:preReleaseBuild UP-TO-DATE
> Task :capacitor-cordova-android-plugins:generateReleaseResValues
> Task :capacitor-cordova-android-plugins:generateReleaseResources
> Task :capacitor-cordova-android-plugins:packageReleaseResources
> Task :capacitor-splash-screen:preBuild UP-TO-DATE
> Task :capacitor-splash-screen:preReleaseBuild UP-TO-DATE
> Task :capacitor-splash-screen:generateReleaseResValues
> Task :capacitor-splash-screen:generateReleaseResources
> Task :capacitor-splash-screen:packageReleaseResources
> Task :capacitor-status-bar:preBuild UP-TO-DATE
> Task :capacitor-status-bar:preReleaseBuild UP-TO-DATE
> Task :capacitor-status-bar:generateReleaseResValues
> Task :capacitor-status-bar:generateReleaseResources
> Task :capacitor-status-bar:packageReleaseResources
> Task :app:mapReleaseSourceSetPaths
> Task :app:generateReleaseResources
> Task :app:createReleaseCompatibleScreenManifests
> Task :app:extractDeepLinksRelease
> Task :capacitor-android:extractDeepLinksRelease
> Task :capacitor-android:processReleaseManifest
> Task :capacitor-app:extractDeepLinksRelease
> Task :capacitor-app:processReleaseManifest
> Task :capacitor-cordova-android-plugins:extractDeepLinksRelease
> Task :app:mergeReleaseResources
> Task :capacitor-splash-screen:extractDeepLinksRelease
> Task :capacitor-cordova-android-plugins:processReleaseManifest
> Task :capacitor-status-bar:extractDeepLinksRelease
> Task :capacitor-splash-screen:processReleaseManifest
> Task :capacitor-android:writeReleaseAarMetadata
> Task :capacitor-status-bar:processReleaseManifest
> Task :capacitor-app:writeReleaseAarMetadata
> Task :app:processReleaseMainManifest
> Task :app:processReleaseManifest
> Task :app:processApplicationManifestReleaseForBundle
> Task :capacitor-cordova-android-plugins:writeReleaseAarMetadata
> Task :capacitor-splash-screen:writeReleaseAarMetadata
> Task :capacitor-status-bar:writeReleaseAarMetadata
> Task :app:packageReleaseResources
> Task :app:checkReleaseAarMetadata
> Task :app:processReleaseManifestForPackage
> Task :capacitor-android:compileReleaseLibraryResources
> Task :app:parseReleaseLocalResources
> Task :capacitor-android:parseReleaseLocalResources
> Task :capacitor-app:compileReleaseLibraryResources
> Task :capacitor-app:parseReleaseLocalResources
> Task :capacitor-android:generateReleaseRFile
> Task :capacitor-app:generateReleaseRFile
> Task :capacitor-cordova-android-plugins:compileReleaseLibraryResources
> Task :capacitor-splash-screen:compileReleaseLibraryResources
> Task :capacitor-cordova-android-plugins:parseReleaseLocalResources
> Task :capacitor-cordova-android-plugins:generateReleaseRFile
> Task :capacitor-splash-screen:parseReleaseLocalResources
> Task :capacitor-status-bar:compileReleaseLibraryResources
> Task :capacitor-splash-screen:generateReleaseRFile
> Task :capacitor-status-bar:parseReleaseLocalResources
> Task :app:extractReleaseVersionControlInfo
> Task :capacitor-status-bar:generateReleaseRFile
> Task :capacitor-android:javaPreCompileRelease
> Task :app:processReleaseResources

> Task :capacitor-android:compileReleaseJavaWithJavac
Note: Some input files use unchecked or unsafe operations.
Note: Recompile with -Xlint:unchecked for details.

> Task :capacitor-android:bundleLibCompileToJarRelease
> Task :capacitor-app:javaPreCompileRelease
> Task :app:bundleReleaseResources
> Task :capacitor-app:compileReleaseJavaWithJavac
> Task :capacitor-app:bundleLibRuntimeToJarRelease
> Task :capacitor-splash-screen:javaPreCompileRelease
> Task :capacitor-android:bundleLibRuntimeToJarRelease
> Task :capacitor-splash-screen:compileReleaseJavaWithJavac
> Task :capacitor-splash-screen:bundleLibRuntimeToJarRelease
> Task :capacitor-status-bar:javaPreCompileRelease

> Task :capacitor-status-bar:compileReleaseJavaWithJavac
Note: /home/admin/.openclaw/workspace/bvsradio/node_modules/@capacitor/status-bar/android/src/main/java/com/capacitorjs/plugins/statusbar/StatusBar.java uses or overrides a deprecated API.
Note: Recompile with -Xlint:deprecation for details.

> Task :capacitor-status-bar:bundleLibRuntimeToJarRelease
> Task :capacitor-cordova-android-plugins:javaPreCompileRelease
> Task :capacitor-cordova-android-plugins:compileReleaseJavaWithJavac NO-SOURCE
> Task :capacitor-cordova-android-plugins:bundleLibRuntimeToJarRelease
> Task :app:checkReleaseDuplicateClasses
> Task :app:javaPreCompileRelease
> Task :capacitor-app:bundleLibCompileToJarRelease
> Task :capacitor-cordova-android-plugins:bundleLibCompileToJarRelease
> Task :capacitor-splash-screen:bundleLibCompileToJarRelease
> Task :capacitor-status-bar:bundleLibCompileToJarRelease
> Task :app:compileReleaseJavaWithJavac
> Task :app:dexBuilderRelease
> Task :app:desugarReleaseFileDependencies
> Task :app:mergeReleaseStartupProfile
> Task :app:mergeExtDexRelease
> Task :app:mergeReleaseShaders
> Task :app:compileReleaseShaders NO-SOURCE
> Task :app:generateReleaseAssets UP-TO-DATE
> Task :capacitor-android:mergeReleaseShaders
> Task :capacitor-android:compileReleaseShaders NO-SOURCE
> Task :capacitor-android:generateReleaseAssets UP-TO-DATE
> Task :capacitor-android:packageReleaseAssets
> Task :capacitor-app:mergeReleaseShaders
> Task :capacitor-app:compileReleaseShaders NO-SOURCE
> Task :capacitor-app:generateReleaseAssets UP-TO-DATE
> Task :capacitor-app:packageReleaseAssets
> Task :capacitor-cordova-android-plugins:mergeReleaseShaders
> Task :capacitor-cordova-android-plugins:compileReleaseShaders NO-SOURCE
> Task :capacitor-cordova-android-plugins:generateReleaseAssets UP-TO-DATE
> Task :capacitor-cordova-android-plugins:packageReleaseAssets
> Task :capacitor-splash-screen:mergeReleaseShaders
> Task :capacitor-splash-screen:compileReleaseShaders NO-SOURCE
> Task :capacitor-splash-screen:generateReleaseAssets UP-TO-DATE
> Task :capacitor-splash-screen:packageReleaseAssets
> Task :capacitor-status-bar:mergeReleaseShaders
> Task :capacitor-status-bar:compileReleaseShaders NO-SOURCE
> Task :capacitor-status-bar:generateReleaseAssets UP-TO-DATE
> Task :capacitor-status-bar:packageReleaseAssets
> Task :app:mergeReleaseAssets
> Task :app:mergeReleaseGlobalSynthetics
> Task :app:processReleaseJavaRes NO-SOURCE
> Task :capacitor-android:processReleaseJavaRes NO-SOURCE
> Task :capacitor-app:processReleaseJavaRes NO-SOURCE
> Task :capacitor-cordova-android-plugins:processReleaseJavaRes NO-SOURCE
> Task :capacitor-splash-screen:processReleaseJavaRes NO-SOURCE
> Task :capacitor-status-bar:processReleaseJavaRes NO-SOURCE
> Task :app:mergeDexRelease
> Task :app:mergeReleaseJniLibFolders
> Task :capacitor-android:mergeReleaseJniLibFolders
> Task :capacitor-android:mergeReleaseNativeLibs NO-SOURCE
> Task :capacitor-android:copyReleaseJniLibsProjectOnly
> Task :capacitor-app:mergeReleaseJniLibFolders
> Task :capacitor-app:mergeReleaseNativeLibs NO-SOURCE
> Task :capacitor-app:copyReleaseJniLibsProjectOnly
> Task :capacitor-cordova-android-plugins:mergeReleaseJniLibFolders
> Task :capacitor-cordova-android-plugins:mergeReleaseNativeLibs NO-SOURCE
> Task :capacitor-cordova-android-plugins:copyReleaseJniLibsProjectOnly
> Task :capacitor-splash-screen:mergeReleaseJniLibFolders
> Task :capacitor-splash-screen:mergeReleaseNativeLibs NO-SOURCE
> Task :capacitor-splash-screen:copyReleaseJniLibsProjectOnly
> Task :capacitor-status-bar:mergeReleaseJniLibFolders
> Task :capacitor-status-bar:mergeReleaseNativeLibs NO-SOURCE
> Task :capacitor-status-bar:copyReleaseJniLibsProjectOnly
> Task :app:mergeReleaseNativeLibs NO-SOURCE
> Task :app:stripReleaseDebugSymbols NO-SOURCE
> Task :app:writeReleaseAppMetadata
> Task :capacitor-android:prepareReleaseArtProfile
> Task :capacitor-app:prepareReleaseArtProfile
> Task :capacitor-cordova-android-plugins:prepareReleaseArtProfile
> Task :capacitor-splash-screen:prepareReleaseArtProfile
> Task :capacitor-status-bar:prepareReleaseArtProfile
> Task :app:mergeReleaseArtProfile
> Task :app:mergeReleaseJavaResource
> Task :app:buildReleasePreBundle
> Task :app:collectReleaseDependencies
> Task :app:configureReleaseDependencies
> Task :app:extractReleaseNativeSymbolTables NO-SOURCE
> Task :app:parseReleaseIntegrityConfig
> Task :app:validateSigningRelease
> Task :app:compileReleaseArtProfile
> Task :app:packageReleaseBundle
> Task :app:signReleaseBundle
> Task :app:produceReleaseBundleIdeListingFile
> Task :app:createReleaseBundleListingFileRedirect
> Task :app:bundleRelease
[Incubating] Problems report is available at: file:///home/admin/.openclaw/workspace/bvsradio/android/build/reports/problems/problems-report.html

BUILD SUCCESSFUL in 9m 9s
130 actionable tasks: 130 executed
